   тЦ▓ Next.js 15.2.3
   - Local:        http://localhost:8080
   - Network:      http://192.0.0.2:8080
   - Environments: .env.local, .env

 тЬУ Starting...
 тЬУ Ready in 1449ms
 тЧЛ Compiling /demo ...
 тЬУ Compiled /demo in 1356ms (785 modules)
 тип Error: Event handlers cannot be passed to Client Component props.
  <button onClick={function onClick} className=... children=...>
                  ^^^^^^^^^^^^^^^^^^
If you need interactivity, consider converting part of this to a Client Component.
    at stringify (<anonymous>)
    at stringify (<anonymous>)
    at stringify (<anonymous>) {
  digest: '3272799175'
}
 GET /demo 200 in 1768ms
 тЬУ Compiled in 239ms (346 modules)
 тип Error: Event handlers cannot be passed to Client Component props.
  <button onClick={function onClick} className=... children=...>
                  ^^^^^^^^^^^^^^^^^^
If you need interactivity, consider converting part of this to a Client Component.
    at stringify (<anonymous>)
    at stringify (<anonymous>)
    at stringify (<anonymous>) {
  digest: '3272799175'
}
 HEAD /demo 200 in 235ms
 тип Error: Event handlers cannot be passed to Client Component props.
  <button onClick={function onClick} className=... children=...>
                  ^^^^^^^^^^^^^^^^^^
If you need interactivity, consider converting part of this to a Client Component.
    at stringify (<anonymous>)
    at stringify (<anonymous>)
    at stringify (<anonymous>) {
  digest: '3272799175'
}
 GET /demo 200 in 246ms
 тЬУ Compiled /_not-found in 189ms (775 modules)
 тип Error: Event handlers cannot be passed to Client Component props.
  <button onClick={function onClick} className=... children=...>
                  ^^^^^^^^^^^^^^^^^^
If you need interactivity, consider converting part of this to a Client Component.
    at stringify (<anonymous>)
    at stringify (<anonymous>)
    at stringify (<anonymous>) {
  digest: '3272799175'
}
 тип Error: Event handlers cannot be passed to Client Component props.
  <button onClick={function onClick} className=... children=...>
                  ^^^^^^^^^^^^^^^^^^
If you need interactivity, consider converting part of this to a Client Component.
    at stringify (<anonymous>)
    at stringify (<anonymous>) {
  digest: '2498378595'
}
 тип Error: useAuth must be used within an AuthProvider
    at useAuth (src/contexts/AuthContext.tsx:150:10)
    at Header (src/components/Header.tsx:9:60)
  148 |   const context = useContext(AuthContext)
  149 |   if (context === undefined) {
> 150 |     throw new Error('useAuth must be used within an AuthProvider')
      |          ^
  151 |   }
  152 |   return context
  153 | } {
  digest: '2349713990'
}
 GET /favicon-32x32.png 500 in 585ms
 тип Error: Event handlers cannot be passed to Client Component props.
  <button onClick={function onClick} className=... children=...>
                  ^^^^^^^^^^^^^^^^^^
If you need interactivity, consider converting part of this to a Client Component.
    at stringify (<anonymous>)
    at stringify (<anonymous>)
    at stringify (<anonymous>) {
  digest: '3272799175'
}
 тип Error: Event handlers cannot be passed to Client Component props.
  <button onClick={function onClick} className=... children=...>
                  ^^^^^^^^^^^^^^^^^^
If you need interactivity, consider converting part of this to a Client Component.
    at stringify (<anonymous>)
    at stringify (<anonymous>) {
  digest: '2498378595'
}
 тип Error: useAuth must be used within an AuthProvider
    at useAuth (src/contexts/AuthContext.tsx:150:10)
    at Header (src/components/Header.tsx:9:60)
  148 |   const context = useContext(AuthContext)
  149 |   if (context === undefined) {
> 150 |     throw new Error('useAuth must be used within an AuthProvider')
      |          ^
  151 |   }
  152 |   return context
  153 | } {
  digest: '2349713990'
}
 GET /favicon-16x16.png 500 in 301ms
 тип Error: Event handlers cannot be passed to Client Component props.
  <button onClick={function onClick} className=... children=...>
                  ^^^^^^^^^^^^^^^^^^
If you need interactivity, consider converting part of this to a Client Component.
    at stringify (<anonymous>)
    at stringify (<anonymous>)
    at stringify (<anonymous>) {
  digest: '3272799175'
}
 тип Error: Event handlers cannot be passed to Client Component props.
  <button onClick={function onClick} className=... children=...>
                  ^^^^^^^^^^^^^^^^^^
If you need interactivity, consider converting part of this to a Client Component.
    at stringify (<anonymous>)
    at stringify (<anonymous>) {
  digest: '2498378595'
}
 тип Error: useAuth must be used within an AuthProvider
    at useAuth (src/contexts/AuthContext.tsx:150:10)
    at Header (src/components/Header.tsx:9:60)
  148 |   const context = useContext(AuthContext)
  149 |   if (context === undefined) {
> 150 |     throw new Error('useAuth must be used within an AuthProvider')
      |          ^
  151 |   }
  152 |   return context
  153 | } {
  digest: '2349713990'
}
 GET /favicon-32x32.png 500 in 357ms
 тип Error: Event handlers cannot be passed to Client Component props.
  <button onClick={function onClick} className=... children=...>
                  ^^^^^^^^^^^^^^^^^^
If you need interactivity, consider converting part of this to a Client Component.
    at stringify (<anonymous>)
    at stringify (<anonymous>)
    at stringify (<anonymous>) {
  digest: '3272799175'
}
 тип Error: Event handlers cannot be passed to Client Component props.
  <button onClick={function onClick} className=... children=...>
                  ^^^^^^^^^^^^^^^^^^
If you need interactivity, consider converting part of this to a Client Component.
    at stringify (<anonymous>)
    at stringify (<anonymous>) {
  digest: '2498378595'
}
 тип Error: useAuth must be used within an AuthProvider
    at useAuth (src/contexts/AuthContext.tsx:150:10)
    at Header (src/components/Header.tsx:9:60)
  148 |   const context = useContext(AuthContext)
  149 |   if (context === undefined) {
> 150 |     throw new Error('useAuth must be used within an AuthProvider')
      |          ^
  151 |   }
  152 |   return context
  153 | } {
  digest: '2349713990'
}
 GET /favicon-16x16.png 500 in 297ms
 тЬУ Compiled / in 211ms (794 modules)
 тип Error: Event handlers cannot be passed to Client Component props.
  <button onClick={function onClick} className=... children=...>
                  ^^^^^^^^^^^^^^^^^^
If you need interactivity, consider converting part of this to a Client Component.
    at stringify (<anonymous>)
    at stringify (<anonymous>)
    at stringify (<anonymous>) {
  digest: '3272799175'
}
 тип Error: useAuth must be used within an AuthProvider
    at useAuth (src/contexts/AuthContext.tsx:150:10)
    at HomePage (src/app/page.tsx:13:43)
  148 |   const context = useContext(AuthContext)
  149 |   if (context === undefined) {
> 150 |     throw new Error('useAuth must be used within an AuthProvider')
      |          ^
  151 |   }
  152 |   return context
  153 | } {
  digest: '3094043207'
}
 GET / 500 in 442ms
 тЪа Fast Refresh had to perform a full reload. Read more: https://nextjs.org/docs/messages/fast-refresh-reload
 тип Error: Event handlers cannot be passed to Client Component props.
  <button onClick={function onClick} className=... children=...>
                  ^^^^^^^^^^^^^^^^^^
If you need interactivity, consider converting part of this to a Client Component.
    at stringify (<anonymous>)
    at stringify (<anonymous>)
    at stringify (<anonymous>) {
  digest: '3272799175'
}
 тип Error: Event handlers cannot be passed to Client Component props.
  <button onClick={function onClick} className=... children=...>
                  ^^^^^^^^^^^^^^^^^^
If you need interactivity, consider converting part of this to a Client Component.
    at stringify (<anonymous>)
    at stringify (<anonymous>) {
  digest: '2498378595'
}
 тип Error: useAuth must be used within an AuthProvider
    at useAuth (src/contexts/AuthContext.tsx:150:10)
    at Header (src/components/Header.tsx:9:60)
  148 |   const context = useContext(AuthContext)
  149 |   if (context === undefined) {
> 150 |     throw new Error('useAuth must be used within an AuthProvider')
      |          ^
  151 |   }
  152 |   return context
  153 | } {
  digest: '2349713990'
}
 GET /favicon-32x32.png 500 in 272ms
 тип Error: Event handlers cannot be passed to Client Component props.
  <button onClick={function onClick} className=... children=...>
                  ^^^^^^^^^^^^^^^^^^
If you need interactivity, consider converting part of this to a Client Component.
    at stringify (<anonymous>)
    at stringify (<anonymous>)
    at stringify (<anonymous>) {
  digest: '3272799175'
}
 тип Error: Event handlers cannot be passed to Client Component props.
  <button onClick={function onClick} className=... children=...>
                  ^^^^^^^^^^^^^^^^^^
If you need interactivity, consider converting part of this to a Client Component.
    at stringify (<anonymous>)
    at stringify (<anonymous>) {
  digest: '2498378595'
}
 тип Error: useAuth must be used within an AuthProvider
    at useAuth (src/contexts/AuthContext.tsx:150:10)
    at Header (src/components/Header.tsx:9:60)
  148 |   const context = useContext(AuthContext)
  149 |   if (context === undefined) {
> 150 |     throw new Error('useAuth must be used within an AuthProvider')
      |          ^
  151 |   }
  152 |   return context
  153 | } {
  digest: '2349713990'
}
 GET /favicon-16x16.png 500 in 278ms
 тип Error: Event handlers cannot be passed to Client Component props.
  <button onClick={function onClick} className=... children=...>
                  ^^^^^^^^^^^^^^^^^^
If you need interactivity, consider converting part of this to a Client Component.
    at stringify (<anonymous>)
    at stringify (<anonymous>)
    at stringify (<anonymous>) {
  digest: '3272799175'
}
 GET /demo 200 in 170ms
 тип Error: Event handlers cannot be passed to Client Component props.
  <button onClick={function onClick} className=... children=...>
                  ^^^^^^^^^^^^^^^^^^
If you need interactivity, consider converting part of this to a Client Component.
    at stringify (<anonymous>)
    at stringify (<anonymous>)
    at stringify (<anonymous>) {
  digest: '3272799175'
}
 тип Error: Event handlers cannot be passed to Client Component props.
  <button onClick={function onClick} className=... children=...>
                  ^^^^^^^^^^^^^^^^^^
If you need interactivity, consider converting part of this to a Client Component.
    at stringify (<anonymous>)
    at stringify (<anonymous>) {
  digest: '2498378595'
}
 тип Error: useAuth must be used within an AuthProvider
    at useAuth (src/contexts/AuthContext.tsx:150:10)
    at Header (src/components/Header.tsx:9:60)
  148 |   const context = useContext(AuthContext)
  149 |   if (context === undefined) {
> 150 |     throw new Error('useAuth must be used within an AuthProvider')
      |          ^
  151 |   }
  152 |   return context
  153 | } {
  digest: '2349713990'
}
 GET /favicon-32x32.png 500 in 285ms
 тип Error: Event handlers cannot be passed to Client Component props.
  <button onClick={function onClick} className=... children=...>
                  ^^^^^^^^^^^^^^^^^^
If you need interactivity, consider converting part of this to a Client Component.
    at stringify (<anonymous>)
    at stringify (<anonymous>)
    at stringify (<anonymous>) {
  digest: '3272799175'
}
 тип Error: Event handlers cannot be passed to Client Component props.
  <button onClick={function onClick} className=... children=...>
                  ^^^^^^^^^^^^^^^^^^
If you need interactivity, consider converting part of this to a Client Component.
    at stringify (<anonymous>)
    at stringify (<anonymous>) {
  digest: '2498378595'
}
 тип Error: useAuth must be used within an AuthProvider
    at useAuth (src/contexts/AuthContext.tsx:150:10)
    at Header (src/components/Header.tsx:9:60)
  148 |   const context = useContext(AuthContext)
  149 |   if (context === undefined) {
> 150 |     throw new Error('useAuth must be used within an AuthProvider')
      |          ^
  151 |   }
  152 |   return context
  153 | } {
  digest: '2349713990'
}
 GET /favicon-16x16.png 500 in 289ms
 тип Error: Event handlers cannot be passed to Client Component props.
  <button onClick={function onClick} className=... children=...>
                  ^^^^^^^^^^^^^^^^^^
If you need interactivity, consider converting part of this to a Client Component.
    at stringify (<anonymous>)
    at stringify (<anonymous>)
    at stringify (<anonymous>) {
  digest: '3272799175'
}
 тип Error: Event handlers cannot be passed to Client Component props.
  <button onClick={function onClick} className=... children=...>
                  ^^^^^^^^^^^^^^^^^^
If you need interactivity, consider converting part of this to a Client Component.
    at stringify (<anonymous>)
    at stringify (<anonymous>) {
  digest: '2498378595'
}
 тип Error: useAuth must be used within an AuthProvider
    at useAuth (src/contexts/AuthContext.tsx:150:10)
    at Header (src/components/Header.tsx:9:60)
  148 |   const context = useContext(AuthContext)
  149 |   if (context === undefined) {
> 150 |     throw new Error('useAuth must be used within an AuthProvider')
      |          ^
  151 |   }
  152 |   return context
  153 | } {
  digest: '2349713990'
}
 GET /favicon-32x32.png 500 in 264ms
 тип Error: Event handlers cannot be passed to Client Component props.
  <button onClick={function onClick} className=... children=...>
                  ^^^^^^^^^^^^^^^^^^
If you need interactivity, consider converting part of this to a Client Component.
    at stringify (<anonymous>)
    at stringify (<anonymous>)
    at stringify (<anonymous>) {
  digest: '3272799175'
}
 тип Error: Event handlers cannot be passed to Client Component props.
  <button onClick={function onClick} className=... children=...>
                  ^^^^^^^^^^^^^^^^^^
If you need interactivity, consider converting part of this to a Client Component.
    at stringify (<anonymous>)
    at stringify (<anonymous>) {
  digest: '2498378595'
}
 тип Error: useAuth must be used within an AuthProvider
    at useAuth (src/contexts/AuthContext.tsx:150:10)
    at Header (src/components/Header.tsx:9:60)
  148 |   const context = useContext(AuthContext)
  149 |   if (context === undefined) {
> 150 |     throw new Error('useAuth must be used within an AuthProvider')
      |          ^
  151 |   }
  152 |   return context
  153 | } {
  digest: '2349713990'
}
 GET /favicon-16x16.png 500 in 288ms
 тип Error: Event handlers cannot be passed to Client Component props.
  <button onClick={function onClick} className=... children=...>
                  ^^^^^^^^^^^^^^^^^^
If you need interactivity, consider converting part of this to a Client Component.
    at stringify (<anonymous>)
    at stringify (<anonymous>)
    at stringify (<anonymous>) {
  digest: '3272799175'
}
 тип Error: Event handlers cannot be passed to Client Component props.
  <button onClick={function onClick} className=... children=...>
                  ^^^^^^^^^^^^^^^^^^
If you need interactivity, consider converting part of this to a Client Component.
    at stringify (<anonymous>)
    at stringify (<anonymous>) {
  digest: '2498378595'
}
 тип Error: useAuth must be used within an AuthProvider
    at useAuth (src/contexts/AuthContext.tsx:150:10)
    at Header (src/components/Header.tsx:9:60)
  148 |   const context = useContext(AuthContext)
  149 |   if (context === undefined) {
> 150 |     throw new Error('useAuth must be used within an AuthProvider')
      |          ^
  151 |   }
  152 |   return context
  153 | } {
  digest: '2349713990'
}
 GET /favicon-32x32.png 500 in 384ms
 тип Error: Event handlers cannot be passed to Client Component props.
  <button onClick={function onClick} className=... children=...>
                  ^^^^^^^^^^^^^^^^^^
If you need interactivity, consider converting part of this to a Client Component.
    at stringify (<anonymous>)
    at stringify (<anonymous>)
    at stringify (<anonymous>) {
  digest: '3272799175'
}
 тип Error: Event handlers cannot be passed to Client Component props.
  <button onClick={function onClick} className=... children=...>
                  ^^^^^^^^^^^^^^^^^^
If you need interactivity, consider converting part of this to a Client Component.
    at stringify (<anonymous>)
    at stringify (<anonymous>) {
  digest: '2498378595'
}
 тип Error: useAuth must be used within an AuthProvider
    at useAuth (src/contexts/AuthContext.tsx:150:10)
    at Header (src/components/Header.tsx:9:60)
  148 |   const context = useContext(AuthContext)
  149 |   if (context === undefined) {
> 150 |     throw new Error('useAuth must be used within an AuthProvider')
      |          ^
  151 |   }
  152 |   return context
  153 | } {
  digest: '2349713990'
}
 GET /favicon-16x16.png 500 in 299ms
[?25h
